
**** Build of configuration Nios II for project test_nioII_sram ****

make all 
Info: Building ../test_nioII_sram_bsp/
make --no-print-directory -C ../test_nioII_sram_bsp/
[BSP build complete]
Info: Compiling hello_ucosii.c to obj/default/hello_ucosii.o
nios2-elf-gcc -xc -MP -MMD -c -I../test_nioII_sram_bsp//UCOSII/inc -I../test_nioII_sram_bsp//HAL/inc -I../test_nioII_sram_bsp/ -I../test_nioII_sram_bsp//drivers/inc  -DSYSTEM_BUS_WIDTH=32 -pipe -D__hal__ -DALT_NO_INSTRUCTION_EMULATION -D__ucosii__    -O0 -g -Wall   -EL -mno-hw-div -mno-hw-mul -mno-hw-mulx  -o obj/default/hello_ucosii.o hello_ucosii.c
Info: Linking test_nioII_sram.elf
nios2-elf-g++  -T'../test_nioII_sram_bsp//linker.x' -msys-crt0='../test_nioII_sram_bsp//obj/HAL/src/crt0.o' -msys-lib=ucosii_bsp -L../test_nioII_sram_bsp/   -Wl,-Map=test_nioII_sram.map   -O0 -g -Wall   -EL -mno-hw-div -mno-hw-mul -mno-hw-mulx  -o test_nioII_sram.elf obj/default/hello_ucosii.o -lm 
nios2-elf-insert test_nioII_sram.elf --thread_model ucosii --cpu_name nios2_qsys_0 --qsys true --simulation_enabled false --id 0 --sidp 0x1909048 --timestamp 1393714699 --stderr_dev jtag_uart_0 --stdin_dev jtag_uart_0 --stdout_dev jtag_uart_0 --sopc_system_name niosII_system --quartus_project_dir "C:/Users/jchang3/Documents/ECE492/NiosII/SRAM/accel_pen_project" --jdi C:/Users/jchang3/Documents/ECE492/NiosII/SRAM/accel_pen_project/accelerometer_pen.jdi --sopcinfo C:/Users/jchang3/Documents/ECE492/NiosII/SRAM/accel_pen_project/niosII_system.sopcinfo
Info: (test_nioII_sram.elf) 95 KBytes program size (code + initialized data).
Info:                       8089 KBytes free for stack + heap.
Info: Creating test_nioII_sram.objdump
nios2-elf-objdump --disassemble --syms --all-header --source test_nioII_sram.elf >test_nioII_sram.objdump
[test_nioII_sram build complete]

**** Build Finished ****

**** Build of configuration Nios II for project test_nioII_sram ****

make all 
Info: Building ../test_nioII_sram_bsp/
make --no-print-directory -C ../test_nioII_sram_bsp/
[BSP build complete]
Info: Compiling hello_ucosii.c to obj/default/hello_ucosii.o
nios2-elf-gcc -xc -MP -MMD -c -I../test_nioII_sram_bsp//UCOSII/inc -I../test_nioII_sram_bsp//HAL/inc -I../test_nioII_sram_bsp/ -I../test_nioII_sram_bsp//drivers/inc  -DSYSTEM_BUS_WIDTH=32 -pipe -D__hal__ -DALT_NO_INSTRUCTION_EMULATION -D__ucosii__    -O0 -g -Wall   -EL -mno-hw-div -mno-hw-mul -mno-hw-mulx  -o obj/default/hello_ucosii.o hello_ucosii.c
hello_ucosii.c: In function 'task1':
Info: Linking test_nioII_sram.elf
hello_ucosii.c:47: warning: unused variable 'val'
nios2-elf-g++  -T'../test_nioII_sram_bsp//linker.x' -msys-crt0='../test_nioII_sram_bsp//obj/HAL/src/crt0.o' -msys-lib=ucosii_bsp -L../test_nioII_sram_bsp/   -Wl,-Map=test_nioII_sram.map   -O0 -g -Wall   -EL -mno-hw-div -mno-hw-mul -mno-hw-mulx  -o test_nioII_sram.elf obj/default/hello_ucosii.o -lm 
hello_ucosii.c:47: warning: unused variable 'i'
nios2-elf-insert test_nioII_sram.elf --thread_model ucosii --cpu_name nios2_qsys_0 --qsys true --simulation_enabled false --id 0 --sidp 0x1909048 --timestamp 1393714699 --stderr_dev jtag_uart_0 --stdin_dev jtag_uart_0 --stdout_dev jtag_uart_0 --sopc_system_name niosII_system --quartus_project_dir "C:/Users/jchang3/Documents/ECE492/NiosII/SRAM/accel_pen_project" --jdi C:/Users/jchang3/Documents/ECE492/NiosII/SRAM/accel_pen_project/accelerometer_pen.jdi --sopcinfo C:/Users/jchang3/Documents/ECE492/NiosII/SRAM/accel_pen_project/niosII_system.sopcinfo
Info: (test_nioII_sram.elf) 95 KBytes program size (code + initialized data).
Info:                       8089 KBytes free for stack + heap.
Info: Creating test_nioII_sram.objdump
nios2-elf-objdump --disassemble --syms --all-header --source test_nioII_sram.elf >test_nioII_sram.objdump
[test_nioII_sram build complete]

**** Build Finished ****

**** Build of configuration Nios II for project test_nioII_sram_bsp ****

make all 
[BSP build complete]

**** Build Finished ****

**** Build of configuration Nios II for project test_nioII_sram ****

make all 
Info: Building ../test_nioII_sram_bsp/
make --no-print-directory -C ../test_nioII_sram_bsp/
[BSP build complete]
Info: Compiling hello_ucosii.c to obj/default/hello_ucosii.o
nios2-elf-gcc -xc -MP -MMD -c -I../test_nioII_sram_bsp//UCOSII/inc -I../test_nioII_sram_bsp//HAL/inc -I../test_nioII_sram_bsp/ -I../test_nioII_sram_bsp//drivers/inc  -DSYSTEM_BUS_WIDTH=32 -pipe -D__hal__ -DALT_NO_INSTRUCTION_EMULATION -D__ucosii__    -O0 -g -Wall   -EL -mno-hw-div -mno-hw-mul -mno-hw-mulx  -o obj/default/hello_ucosii.o hello_ucosii.c
hello_ucosii.c: In function 'task1':
hello_ucosii.c:49: warning: pointer targets in initialization differ in signedness
Info: Linking test_nioII_sram.elf
nios2-elf-g++  -T'../test_nioII_sram_bsp//linker.x' -msys-crt0='../test_nioII_sram_bsp//obj/HAL/src/crt0.o' -msys-lib=ucosii_bsp -L../test_nioII_sram_bsp/   -Wl,-Map=test_nioII_sram.map   -O0 -g -Wall   -EL -mno-hw-div -mno-hw-mul -mno-hw-mulx  -o test_nioII_sram.elf obj/default/hello_ucosii.o -lm 
hello_ucosii.c:58: warning: format '%X' expects type 'unsigned int', but argument 3 has type 'alt_32'
hello_ucosii.c:58: warning: format '%X' expects type 'unsigned int', but argument 3 has type 'alt_32'
nios2-elf-insert test_nioII_sram.elf --thread_model ucosii --cpu_name nios2_qsys_0 --qsys true --simulation_enabled false --id 0 --sidp 0x1909048 --timestamp 1393714699 --stderr_dev jtag_uart_0 --stdin_dev jtag_uart_0 --stdout_dev jtag_uart_0 --sopc_system_name niosII_system --quartus_project_dir "C:/Users/jchang3/Documents/ECE492/NiosII/SRAM/accel_pen_project" --jdi C:/Users/jchang3/Documents/ECE492/NiosII/SRAM/accel_pen_project/accelerometer_pen.jdi --sopcinfo C:/Users/jchang3/Documents/ECE492/NiosII/SRAM/accel_pen_project/niosII_system.sopcinfo
Info: (test_nioII_sram.elf) 124 KBytes program size (code + initialized data).
Info:                       8060 KBytes free for stack + heap.
Info: Creating test_nioII_sram.objdump
nios2-elf-objdump --disassemble --syms --all-header --source test_nioII_sram.elf >test_nioII_sram.objdump
[test_nioII_sram build complete]

**** Build Finished ****

**** Build of configuration Nios II for project test_nioII_sram_bsp ****

make all 
[BSP build complete]

**** Build Finished ****

**** Build of configuration Nios II for project test_nioII_sram ****

make all 
Info: Building ../test_nioII_sram_bsp/
make --no-print-directory -C ../test_nioII_sram_bsp/
[BSP build complete]
Info: Compiling hello_ucosii.c to obj/default/hello_ucosii.o
nios2-elf-gcc -xc -MP -MMD -c -I../test_nioII_sram_bsp//UCOSII/inc -I../test_nioII_sram_bsp//HAL/inc -I../test_nioII_sram_bsp/ -I../test_nioII_sram_bsp//drivers/inc  -DSYSTEM_BUS_WIDTH=32 -pipe -D__hal__ -DALT_NO_INSTRUCTION_EMULATION -D__ucosii__    -O0 -g -Wall   -EL -mno-hw-div -mno-hw-mul -mno-hw-mulx  -o obj/default/hello_ucosii.o hello_ucosii.c
hello_ucosii.c: In function 'task1':
hello_ucosii.c:58: warning: format '%X' expects type 'unsigned int', but argument 3 has type 'alt_u32'
hello_ucosii.c:58: warning: format '%X' expects type 'unsigned int', but argument 3 has type 'alt_u32'
Info: Linking test_nioII_sram.elf
nios2-elf-g++  -T'../test_nioII_sram_bsp//linker.x' -msys-crt0='../test_nioII_sram_bsp//obj/HAL/src/crt0.o' -msys-lib=ucosii_bsp -L../test_nioII_sram_bsp/   -Wl,-Map=test_nioII_sram.map   -O0 -g -Wall   -EL -mno-hw-div -mno-hw-mul -mno-hw-mulx  -o test_nioII_sram.elf obj/default/hello_ucosii.o -lm 
nios2-elf-insert test_nioII_sram.elf --thread_model ucosii --cpu_name nios2_qsys_0 --qsys true --simulation_enabled false --id 0 --sidp 0x1909048 --timestamp 1393714699 --stderr_dev jtag_uart_0 --stdin_dev jtag_uart_0 --stdout_dev jtag_uart_0 --sopc_system_name niosII_system --quartus_project_dir "C:/Users/jchang3/Documents/ECE492/NiosII/SRAM/accel_pen_project" --jdi C:/Users/jchang3/Documents/ECE492/NiosII/SRAM/accel_pen_project/accelerometer_pen.jdi --sopcinfo C:/Users/jchang3/Documents/ECE492/NiosII/SRAM/accel_pen_project/niosII_system.sopcinfo
Info: (test_nioII_sram.elf) 124 KBytes program size (code + initialized data).
Info:                       8060 KBytes free for stack + heap.
Info: Creating test_nioII_sram.objdump
nios2-elf-objdump --disassemble --syms --all-header --source test_nioII_sram.elf >test_nioII_sram.objdump
[test_nioII_sram build complete]

**** Build Finished ****

**** Build of configuration Nios II for project test_nioII_sram_bsp ****

make all 
[BSP build complete]

**** Build Finished ****

**** Build of configuration Nios II for project test_nioII_sram ****

make all 
Info: Building ../test_nioII_sram_bsp/
make --no-print-directory -C ../test_nioII_sram_bsp/
[BSP build complete]
Info: Compiling hello_ucosii.c to obj/default/hello_ucosii.o
nios2-elf-gcc -xc -MP -MMD -c -I../test_nioII_sram_bsp//UCOSII/inc -I../test_nioII_sram_bsp//HAL/inc -I../test_nioII_sram_bsp/ -I../test_nioII_sram_bsp//drivers/inc  -DSYSTEM_BUS_WIDTH=32 -pipe -D__hal__ -DALT_NO_INSTRUCTION_EMULATION -D__ucosii__    -O0 -g -Wall   -EL -mno-hw-div -mno-hw-mul -mno-hw-mulx  -o obj/default/hello_ucosii.o hello_ucosii.c
Info: Linking test_nioII_sram.elf
nios2-elf-g++  -T'../test_nioII_sram_bsp//linker.x' -msys-crt0='../test_nioII_sram_bsp//obj/HAL/src/crt0.o' -msys-lib=ucosii_bsp -L../test_nioII_sram_bsp/   -Wl,-Map=test_nioII_sram.map   -O0 -g -Wall   -EL -mno-hw-div -mno-hw-mul -mno-hw-mulx  -o test_nioII_sram.elf obj/default/hello_ucosii.o -lm 
nios2-elf-insert test_nioII_sram.elf --thread_model ucosii --cpu_name nios2_qsys_0 --qsys true --simulation_enabled false --id 0 --sidp 0x1909048 --timestamp 1393714699 --stderr_dev jtag_uart_0 --stdin_dev jtag_uart_0 --stdout_dev jtag_uart_0 --sopc_system_name niosII_system --quartus_project_dir "C:/Users/jchang3/Documents/ECE492/NiosII/SRAM/accel_pen_project" --jdi C:/Users/jchang3/Documents/ECE492/NiosII/SRAM/accel_pen_project/accelerometer_pen.jdi --sopcinfo C:/Users/jchang3/Documents/ECE492/NiosII/SRAM/accel_pen_project/niosII_system.sopcinfo
Info: (test_nioII_sram.elf) 124 KBytes program size (code + initialized data).
Info:                       8060 KBytes free for stack + heap.
Info: Creating test_nioII_sram.objdump
nios2-elf-objdump --disassemble --syms --all-header --source test_nioII_sram.elf >test_nioII_sram.objdump
[test_nioII_sram build complete]

**** Build Finished ****

**** Build of configuration Nios II for project test_nioII_sram_bsp ****

make all 
[BSP build complete]

**** Build Finished ****

**** Build of configuration Nios II for project test_nioII_sram ****

make all 
Info: Building ../test_nioII_sram_bsp/
make --no-print-directory -C ../test_nioII_sram_bsp/
[BSP build complete]
Info: Compiling hello_ucosii.c to obj/default/hello_ucosii.o
nios2-elf-gcc -xc -MP -MMD -c -I../test_nioII_sram_bsp//UCOSII/inc -I../test_nioII_sram_bsp//HAL/inc -I../test_nioII_sram_bsp/ -I../test_nioII_sram_bsp//drivers/inc  -DSYSTEM_BUS_WIDTH=32 -pipe -D__hal__ -DALT_NO_INSTRUCTION_EMULATION -D__ucosii__    -O0 -g -Wall   -EL -mno-hw-div -mno-hw-mul -mno-hw-mulx  -o obj/default/hello_ucosii.o hello_ucosii.c
Info: Linking test_nioII_sram.elf
nios2-elf-g++  -T'../test_nioII_sram_bsp//linker.x' -msys-crt0='../test_nioII_sram_bsp//obj/HAL/src/crt0.o' -msys-lib=ucosii_bsp -L../test_nioII_sram_bsp/   -Wl,-Map=test_nioII_sram.map   -O0 -g -Wall   -EL -mno-hw-div -mno-hw-mul -mno-hw-mulx  -o test_nioII_sram.elf obj/default/hello_ucosii.o -lm 
nios2-elf-insert test_nioII_sram.elf --thread_model ucosii --cpu_name nios2_qsys_0 --qsys true --simulation_enabled false --id 0 --sidp 0x1909048 --timestamp 1393714699 --stderr_dev jtag_uart_0 --stdin_dev jtag_uart_0 --stdout_dev jtag_uart_0 --sopc_system_name niosII_system --quartus_project_dir "C:/Users/jchang3/Documents/ECE492/NiosII/SRAM/accel_pen_project" --jdi C:/Users/jchang3/Documents/ECE492/NiosII/SRAM/accel_pen_project/accelerometer_pen.jdi --sopcinfo C:/Users/jchang3/Documents/ECE492/NiosII/SRAM/accel_pen_project/niosII_system.sopcinfo
Info: (test_nioII_sram.elf) 124 KBytes program size (code + initialized data).
Info:                       8060 KBytes free for stack + heap.
Info: Creating test_nioII_sram.objdump
nios2-elf-objdump --disassemble --syms --all-header --source test_nioII_sram.elf >test_nioII_sram.objdump
[test_nioII_sram build complete]

**** Build Finished ****

**** Build of configuration Nios II for project test_nioII_sram_bsp ****

make all 
[BSP build complete]

**** Build Finished ****

**** Build of configuration Nios II for project test_nioII_sram ****

make all 
Info: Building ../test_nioII_sram_bsp/
make --no-print-directory -C ../test_nioII_sram_bsp/
[BSP build complete]
[test_nioII_sram build complete]

**** Build Finished ****

**** Build of configuration Nios II for project test_nioII_sram_bsp ****

make all 
[BSP build complete]

**** Build Finished ****

**** Build of configuration Nios II for project test_nioII_sram ****

make all 
Info: Building ../test_nioII_sram_bsp/
make --no-print-directory -C ../test_nioII_sram_bsp/
[BSP build complete]
[test_nioII_sram build complete]

**** Build Finished ****

**** Build of configuration Nios II for project test_nioII_sram ****

make all 
Info: Building ../test_nioII_sram_bsp/
make --no-print-directory -C ../test_nioII_sram_bsp/
[BSP build complete]
Info: Compiling hello_ucosii.c to obj/default/hello_ucosii.o
nios2-elf-gcc -xc -MP -MMD -c -I../test_nioII_sram_bsp//UCOSII/inc -I../test_nioII_sram_bsp//HAL/inc -I../test_nioII_sram_bsp/ -I../test_nioII_sram_bsp//drivers/inc  -DSYSTEM_BUS_WIDTH=32 -pipe -D__hal__ -DALT_NO_INSTRUCTION_EMULATION -D__ucosii__    -O0 -g -Wall   -EL -mno-hw-div -mno-hw-mul -mno-hw-mulx  -o obj/default/hello_ucosii.o hello_ucosii.c
Info: Linking test_nioII_sram.elf
nios2-elf-g++  -T'../test_nioII_sram_bsp//linker.x' -msys-crt0='../test_nioII_sram_bsp//obj/HAL/src/crt0.o' -msys-lib=ucosii_bsp -L../test_nioII_sram_bsp/   -Wl,-Map=test_nioII_sram.map   -O0 -g -Wall   -EL -mno-hw-div -mno-hw-mul -mno-hw-mulx  -o test_nioII_sram.elf obj/default/hello_ucosii.o -lm 
nios2-elf-insert test_nioII_sram.elf --thread_model ucosii --cpu_name nios2_qsys_0 --qsys true --simulation_enabled false --id 0 --sidp 0x1909048 --timestamp 1393714699 --stderr_dev jtag_uart_0 --stdin_dev jtag_uart_0 --stdout_dev jtag_uart_0 --sopc_system_name niosII_system --quartus_project_dir "C:/Users/jchang3/Documents/ECE492/NiosII/SRAM/accel_pen_project" --jdi C:/Users/jchang3/Documents/ECE492/NiosII/SRAM/accel_pen_project/accelerometer_pen.jdi --sopcinfo C:/Users/jchang3/Documents/ECE492/NiosII/SRAM/accel_pen_project/niosII_system.sopcinfo
Info: (test_nioII_sram.elf) 124 KBytes program size (code + initialized data).
Info:                       8060 KBytes free for stack + heap.
Info: Creating test_nioII_sram.objdump
nios2-elf-objdump --disassemble --syms --all-header --source test_nioII_sram.elf >test_nioII_sram.objdump
[test_nioII_sram build complete]

**** Build Finished ****

**** Build of configuration Nios II for project test_nioII_sram_bsp ****

make all 
[BSP build complete]

**** Build Finished ****

**** Build of configuration Nios II for project test_nioII_sram ****

make all 
Info: Building ../test_nioII_sram_bsp/
make --no-print-directory -C ../test_nioII_sram_bsp/
[BSP build complete]
[test_nioII_sram build complete]

**** Build Finished ****

**** Build of configuration Nios II for project test_nioII_sram ****

make all 
Info: Building ../test_nioII_sram_bsp/
make --no-print-directory -C ../test_nioII_sram_bsp/
[BSP build complete]
Info: Compiling hello_ucosii.c to obj/default/hello_ucosii.o
nios2-elf-gcc -xc -MP -MMD -c -I../test_nioII_sram_bsp//UCOSII/inc -I../test_nioII_sram_bsp//HAL/inc -I../test_nioII_sram_bsp/ -I../test_nioII_sram_bsp//drivers/inc  -DSYSTEM_BUS_WIDTH=32 -pipe -D__hal__ -DALT_NO_INSTRUCTION_EMULATION -D__ucosii__    -O0 -g -Wall   -EL -mno-hw-div -mno-hw-mul -mno-hw-mulx  -o obj/default/hello_ucosii.o hello_ucosii.c
Info: Linking test_nioII_sram.elf
nios2-elf-g++  -T'../test_nioII_sram_bsp//linker.x' -msys-crt0='../test_nioII_sram_bsp//obj/HAL/src/crt0.o' -msys-lib=ucosii_bsp -L../test_nioII_sram_bsp/   -Wl,-Map=test_nioII_sram.map   -O0 -g -Wall   -EL -mno-hw-div -mno-hw-mul -mno-hw-mulx  -o test_nioII_sram.elf obj/default/hello_ucosii.o -lm 
nios2-elf-insert test_nioII_sram.elf --thread_model ucosii --cpu_name nios2_qsys_0 --qsys true --simulation_enabled false --id 0 --sidp 0x1909048 --timestamp 1393714699 --stderr_dev jtag_uart_0 --stdin_dev jtag_uart_0 --stdout_dev jtag_uart_0 --sopc_system_name niosII_system --quartus_project_dir "C:/Users/jchang3/Documents/ECE492/NiosII/SRAM/accel_pen_project" --jdi C:/Users/jchang3/Documents/ECE492/NiosII/SRAM/accel_pen_project/accelerometer_pen.jdi --sopcinfo C:/Users/jchang3/Documents/ECE492/NiosII/SRAM/accel_pen_project/niosII_system.sopcinfo
Info: (test_nioII_sram.elf) 124 KBytes program size (code + initialized data).
Info:                       8060 KBytes free for stack + heap.
Info: Creating test_nioII_sram.objdump
nios2-elf-objdump --disassemble --syms --all-header --source test_nioII_sram.elf >test_nioII_sram.objdump
[test_nioII_sram build complete]

**** Build Finished ****

**** Build of configuration Nios II for project test_nioII_sram_bsp ****

make all 
[BSP build complete]

**** Build Finished ****

**** Build of configuration Nios II for project test_nioII_sram ****

make all 
Info: Building ../test_nioII_sram_bsp/
make --no-print-directory -C ../test_nioII_sram_bsp/
[BSP build complete]
[test_nioII_sram build complete]

**** Build Finished ****

**** Build of configuration Nios II for project test_nioII_sram ****

make all 
Info: Building ../test_nioII_sram_bsp/
make --no-print-directory -C ../test_nioII_sram_bsp/
[BSP build complete]
Info: Compiling hello_ucosii.c to obj/default/hello_ucosii.o
nios2-elf-gcc -xc -MP -MMD -c -I../test_nioII_sram_bsp//UCOSII/inc -I../test_nioII_sram_bsp//HAL/inc -I../test_nioII_sram_bsp/ -I../test_nioII_sram_bsp//drivers/inc  -DSYSTEM_BUS_WIDTH=32 -pipe -D__hal__ -DALT_NO_INSTRUCTION_EMULATION -D__ucosii__    -O0 -g -Wall   -EL -mno-hw-div -mno-hw-mul -mno-hw-mulx  -o obj/default/hello_ucosii.o hello_ucosii.c
Info: Linking test_nioII_sram.elf
nios2-elf-g++  -T'../test_nioII_sram_bsp//linker.x' -msys-crt0='../test_nioII_sram_bsp//obj/HAL/src/crt0.o' -msys-lib=ucosii_bsp -L../test_nioII_sram_bsp/   -Wl,-Map=test_nioII_sram.map   -O0 -g -Wall   -EL -mno-hw-div -mno-hw-mul -mno-hw-mulx  -o test_nioII_sram.elf obj/default/hello_ucosii.o -lm 
nios2-elf-insert test_nioII_sram.elf --thread_model ucosii --cpu_name nios2_qsys_0 --qsys true --simulation_enabled false --id 0 --sidp 0x1909048 --timestamp 1393714699 --stderr_dev jtag_uart_0 --stdin_dev jtag_uart_0 --stdout_dev jtag_uart_0 --sopc_system_name niosII_system --quartus_project_dir "C:/Users/jchang3/Documents/ECE492/NiosII/SRAM/accel_pen_project" --jdi C:/Users/jchang3/Documents/ECE492/NiosII/SRAM/accel_pen_project/accelerometer_pen.jdi --sopcinfo C:/Users/jchang3/Documents/ECE492/NiosII/SRAM/accel_pen_project/niosII_system.sopcinfo
Info: (test_nioII_sram.elf) 124 KBytes program size (code + initialized data).
Info:                       8060 KBytes free for stack + heap.
Info: Creating test_nioII_sram.objdump
nios2-elf-objdump --disassemble --syms --all-header --source test_nioII_sram.elf >test_nioII_sram.objdump
[test_nioII_sram build complete]

**** Build Finished ****

**** Build of configuration Nios II for project test_nioII_sram_bsp ****

make all 
[BSP build complete]

**** Build Finished ****

**** Build of configuration Nios II for project test_nioII_sram ****

make all 
Info: Building ../test_nioII_sram_bsp/
make --no-print-directory -C ../test_nioII_sram_bsp/
[BSP build complete]
[test_nioII_sram build complete]

**** Build Finished ****

**** Build of configuration Nios II for project test_nioII_sram ****

make all 
Info: Building ../test_nioII_sram_bsp/
make --no-print-directory -C ../test_nioII_sram_bsp/
[BSP build complete]
[test_nioII_sram build complete]

**** Build Finished ****

**** Build of configuration Nios II for project test_nioII_sram ****

make all 
Info: Building ../test_nioII_sram_bsp/
make --no-print-directory -C ../test_nioII_sram_bsp/
[BSP build complete]
Info: Compiling hello_ucosii.c to obj/default/hello_ucosii.o
nios2-elf-gcc -xc -MP -MMD -c -I../test_nioII_sram_bsp//UCOSII/inc -I../test_nioII_sram_bsp//HAL/inc -I../test_nioII_sram_bsp/ -I../test_nioII_sram_bsp//drivers/inc  -DSYSTEM_BUS_WIDTH=32 -pipe -D__hal__ -DALT_NO_INSTRUCTION_EMULATION -D__ucosii__    -O0 -g -Wall   -EL -mno-hw-div -mno-hw-mul -mno-hw-mulx  -o obj/default/hello_ucosii.o hello_ucosii.c
Info: Linking test_nioII_sram.elf
nios2-elf-g++  -T'../test_nioII_sram_bsp//linker.x' -msys-crt0='../test_nioII_sram_bsp//obj/HAL/src/crt0.o' -msys-lib=ucosii_bsp -L../test_nioII_sram_bsp/   -Wl,-Map=test_nioII_sram.map   -O0 -g -Wall   -EL -mno-hw-div -mno-hw-mul -mno-hw-mulx  -o test_nioII_sram.elf obj/default/hello_ucosii.o -lm 
nios2-elf-insert test_nioII_sram.elf --thread_model ucosii --cpu_name nios2_qsys_0 --qsys true --simulation_enabled false --id 0 --sidp 0x1909048 --timestamp 1393714699 --stderr_dev jtag_uart_0 --stdin_dev jtag_uart_0 --stdout_dev jtag_uart_0 --sopc_system_name niosII_system --quartus_project_dir "C:/Users/jchang3/Documents/ECE492/NiosII/SRAM/accel_pen_project" --jdi C:/Users/jchang3/Documents/ECE492/NiosII/SRAM/accel_pen_project/accelerometer_pen.jdi --sopcinfo C:/Users/jchang3/Documents/ECE492/NiosII/SRAM/accel_pen_project/niosII_system.sopcinfo
Info: (test_nioII_sram.elf) 124 KBytes program size (code + initialized data).
Info:                       8060 KBytes free for stack + heap.
Info: Creating test_nioII_sram.objdump
nios2-elf-objdump --disassemble --syms --all-header --source test_nioII_sram.elf >test_nioII_sram.objdump
[test_nioII_sram build complete]

**** Build Finished ****

**** Build of configuration Nios II for project test_nioII_sram_bsp ****

make all 
[BSP build complete]

**** Build Finished ****

**** Build of configuration Nios II for project test_nioII_sram ****

make all 
Info: Building ../test_nioII_sram_bsp/
make --no-print-directory -C ../test_nioII_sram_bsp/
[BSP build complete]
[test_nioII_sram build complete]

**** Build Finished ****

**** Build of configuration Nios II for project test_nioII_sram_bsp ****

make all 
[BSP build complete]

**** Build Finished ****

**** Build of configuration Nios II for project test_nioII_sram ****

make all 
Info: Building ../test_nioII_sram_bsp/
make --no-print-directory -C ../test_nioII_sram_bsp/
[BSP build complete]
[test_nioII_sram build complete]

**** Build Finished ****
