
**** Build of configuration Nios II for project accelerometer_pen ****

make all 
Info: Building ../accelerometer_pen_bsp/
make --no-print-directory -C ../accelerometer_pen_bsp/
makefile:584: Warning: SOPC File C:/Users/krbuchan/Documents/accel_pen_project/niosII_system.sopcinfo could not be found.
[BSP build complete]
Info: Compiling hello_ucosii.c to obj/default/hello_ucosii.o
nios2-elf-gcc -xc -MP -MMD -c -I../accelerometer_pen_bsp//UCOSII/inc -I../accelerometer_pen_bsp//HAL/inc -I../accelerometer_pen_bsp/ -I../accelerometer_pen_bsp//drivers/inc  -DSYSTEM_BUS_WIDTH=32 -pipe -D__hal__ -DALT_NO_INSTRUCTION_EMULATION -D__ucosii__    -O0 -g -Wall   -EL -mno-hw-div -mno-hw-mul -mno-hw-mulx  -o obj/default/hello_ucosii.o hello_ucosii.c
hello_ucosii.c: In function 'taskLCD':
hello_ucosii.c:63: warning: implicit declaration of function 'alt_printf'
hello_ucosii.c:67: warning: comparison between pointer and integer
hello_ucosii.c: In function 'taskSW':
hello_ucosii.c:87: warning: passing argument 2 of 'OSQPost' makes pointer from integer without a cast
hello_ucosii.c:89: warning: passing argument 2 of 'OSQPost' makes pointer from integer without a cast
hello_ucosii.c: In function 'taskRS232':
hello_ucosii.c:110: warning: initialization makes integer from pointer without a cast
hello_ucosii.c:134: warning: passing argument 3 of 'alt_up_rs232_read_data' from incompatible pointer type
hello_ucosii.c: In function 'main':
hello_ucosii.c:145: warning: passing argument 1 of 'OSQCreate' from incompatible pointer type
hello_ucosii.c:146: warning: passing argument 1 of 'OSQCreate' from incompatible pointer type
Info: Linking accelerometer_pen.elf
nios2-elf-g++  -T'../accelerometer_pen_bsp//linker.x' -msys-crt0='../accelerometer_pen_bsp//obj/HAL/src/crt0.o' -msys-lib=ucosii_bsp -L../accelerometer_pen_bsp/   -Wl,-Map=accelerometer_pen.map   -O0 -g -Wall   -EL -mno-hw-div -mno-hw-mul -mno-hw-mulx  -o accelerometer_pen.elf obj/default/hello_ucosii.o -lm 
nios2-elf-insert accelerometer_pen.elf --thread_model ucosii --cpu_name nios2_qsys_0 --qsys true --simulation_enabled false --id 0 --sidp 0x1109048 --timestamp 1393695443 --stderr_dev jtag_uart_0 --stdin_dev jtag_uart_0 --stdout_dev jtag_uart_0 --sopc_system_name niosII_system --quartus_project_dir "C:/Users/jchang3/Documents/Pen with UART and Flash/accel_pen_project"
Info: (accelerometer_pen.elf) 119 KBytes program size (code + initialized data).
Info:                         8066 KBytes free for stack + heap.
Info: Creating accelerometer_pen.objdump
nios2-elf-objdump --disassemble --syms --all-header --source accelerometer_pen.elf >accelerometer_pen.objdump
[accelerometer_pen build complete]

**** Build Finished ****
