Flow report for accelerometer_pen
Mon Mar 31 05:02:56 2014
Quartus II 32-bit Version 12.1 Build 243 01/31/2013 Service Pack 1.33 SJ Full Version


---------------------
; Table of Contents ;
---------------------
  1. Legal Notice
  2. Flow Summary
  3. Flow Settings
  4. Flow Non-Default Global Settings
  5. Flow Elapsed Time
  6. Flow OS Summary
  7. Flow Log



----------------
; Legal Notice ;
----------------
Copyright (C) 1991-2012 Altera Corporation
Your use of Altera Corporation's design tools, logic functions 
and other software and tools, and its AMPP partner logic 
functions, and any output files from any of the foregoing 
(including device programming or simulation files), and any 
associated documentation or information are expressly subject 
to the terms and conditions of the Altera Program License 
Subscription Agreement, Altera MegaCore Function License 
Agreement, or other applicable license agreement, including, 
without limitation, that your use is for the sole purpose of 
programming logic devices manufactured by Altera and sold by 
Altera or its authorized distributors.  Please refer to the 
applicable agreement for further details.



+----------------------------------------------------------------------------------------+
; Flow Summary                                                                           ;
+------------------------------------+---------------------------------------------------+
; Flow Status                        ; Successful - Mon Mar 31 05:02:53 2014             ;
; Quartus II 32-bit Version          ; 12.1 Build 243 01/31/2013 SP 1.33 SJ Full Version ;
; Revision Name                      ; accelerometer_pen                                 ;
; Top-level Entity Name              ; accel_pen                                         ;
; Family                             ; Cyclone II                                        ;
; Device                             ; EP2C35F672C6                                      ;
; Timing Models                      ; Final                                             ;
; Total logic elements               ; 4,946 / 33,216 ( 15 % )                           ;
;     Total combinational functions  ; 4,541 / 33,216 ( 14 % )                           ;
;     Dedicated logic registers      ; 2,838 / 33,216 ( 9 % )                            ;
; Total registers                    ; 3023                                              ;
; Total pins                         ; 147 / 475 ( 31 % )                                ;
; Total virtual pins                 ; 0                                                 ;
; Total memory bits                  ; 148,480 / 483,840 ( 31 % )                        ;
; Embedded Multiplier 9-bit elements ; 0 / 70 ( 0 % )                                    ;
; Total PLLs                         ; 1 / 4 ( 25 % )                                    ;
+------------------------------------+---------------------------------------------------+


+-----------------------------------------+
; Flow Settings                           ;
+-------------------+---------------------+
; Option            ; Setting             ;
+-------------------+---------------------+
; Start date & time ; 03/31/2014 05:01:08 ;
; Main task         ; Compilation         ;
; Revision Name     ; accelerometer_pen   ;
+-------------------+---------------------+


+----------------------------------------------------------------------------------------------------------------------------+
; Flow Non-Default Global Settings                                                                                           ;
+-------------------------------------+---------------------------------------+-------------------+-------------+------------+
; Assignment Name                     ; Value                                 ; Default Value     ; Entity Name ; Section Id ;
+-------------------------------------+---------------------------------------+-------------------+-------------+------------+
; COMPILER_SIGNATURE_ID               ; 116530611285.139626366803036          ; --                ; --          ; --         ;
; MAX_CORE_JUNCTION_TEMP              ; 85                                    ; --                ; --          ; --         ;
; MIN_CORE_JUNCTION_TEMP              ; 0                                     ; --                ; --          ; --         ;
; PARTITION_COLOR                     ; 2147039                               ; --                ; accel_pen   ; Top        ;
; PARTITION_FITTER_PRESERVATION_LEVEL ; PLACEMENT_AND_ROUTING                 ; --                ; accel_pen   ; Top        ;
; PARTITION_NETLIST_TYPE              ; SOURCE                                ; --                ; accel_pen   ; Top        ;
; POWER_BOARD_THERMAL_MODEL           ; None (CONSERVATIVE)                   ; --                ; --          ; --         ;
; POWER_PRESET_COOLING_SOLUTION       ; 23 MM HEAT SINK WITH 200 LFPM AIRFLOW ; --                ; --          ; --         ;
; PROJECT_OUTPUT_DIRECTORY            ; output_files                          ; --                ; --          ; --         ;
; TOP_LEVEL_ENTITY                    ; accel_pen                             ; accelerometer_pen ; --          ; --         ;
+-------------------------------------+---------------------------------------+-------------------+-------------+------------+


+-------------------------------------------------------------------------------------------------------------------------------+
; Flow Elapsed Time                                                                                                             ;
+---------------------------+--------------+-------------------------+---------------------+------------------------------------+
; Module Name               ; Elapsed Time ; Average Processors Used ; Peak Virtual Memory ; Total CPU Time (on all processors) ;
+---------------------------+--------------+-------------------------+---------------------+------------------------------------+
; Analysis & Synthesis      ; 00:01:09     ; 1.0                     ; 491 MB              ; 00:00:44                           ;
; Fitter                    ; 00:00:28     ; 2.0                     ; 565 MB              ; 00:00:33                           ;
; Assembler                 ; 00:00:03     ; 1.0                     ; 370 MB              ; 00:00:03                           ;
; TimeQuest Timing Analyzer ; 00:00:02     ; 1.0                     ; 391 MB              ; 00:00:02                           ;
; Total                     ; 00:01:42     ; --                      ; --                  ; 00:01:22                           ;
+---------------------------+--------------+-------------------------+---------------------+------------------------------------+


+----------------------------------------------------------------------------------------+
; Flow OS Summary                                                                        ;
+---------------------------+------------------+-----------+------------+----------------+
; Module Name               ; Machine Hostname ; OS Name   ; OS Version ; Processor type ;
+---------------------------+------------------+-----------+------------+----------------+
; Analysis & Synthesis      ; e3-11-04         ; Windows 7 ; 6.1        ; x86_64         ;
; Fitter                    ; e3-11-04         ; Windows 7 ; 6.1        ; x86_64         ;
; Assembler                 ; e3-11-04         ; Windows 7 ; 6.1        ; x86_64         ;
; TimeQuest Timing Analyzer ; e3-11-04         ; Windows 7 ; 6.1        ; x86_64         ;
+---------------------------+------------------+-----------+------------+----------------+


------------
; Flow Log ;
------------
quartus_map --read_settings_files=on --write_settings_files=off accelerometer_pen -c accelerometer_pen
quartus_fit --read_settings_files=off --write_settings_files=off accelerometer_pen -c accelerometer_pen
quartus_asm --read_settings_files=off --write_settings_files=off accelerometer_pen -c accelerometer_pen
quartus_sta accelerometer_pen -c accelerometer_pen



